android/HopDemo/hop-driver/build/intermediates/manifest_merge_blame_file/debug/processDebugManifest/manifest-merger-blame-debug-report.txt
1<?xml version="1.0" encoding="utf-8"?>
2<manifest xmlns:android="http://schemas.android.com/apk/res/android"
3    package="net.waldrip.hop.driver" >
4
5    <uses-sdk android:minSdkVersion="29" />
6
7    <!-- BLE permissions. SCAN/ADVERTISE/CONNECT are the Android 12+ model. -->
8    <uses-permission
8-->src/main/AndroidManifest.xml:5:5-6:58
9        android:name="android.permission.BLUETOOTH_SCAN"
9-->src/main/AndroidManifest.xml:5:22-70
10        android:usesPermissionFlags="neverForLocation" />
10-->src/main/AndroidManifest.xml:6:9-55
11    <uses-permission android:name="android.permission.BLUETOOTH_ADVERTISE" />
11-->src/main/AndroidManifest.xml:7:5-78
11-->src/main/AndroidManifest.xml:7:22-75
12    <uses-permission android:name="android.permission.BLUETOOTH_CONNECT" />
12-->src/main/AndroidManifest.xml:8:5-76
12-->src/main/AndroidManifest.xml:8:22-73
13    <!-- Pre-Android-12 fallbacks. -->
14    <uses-permission
14-->src/main/AndroidManifest.xml:10:5-95
15        android:name="android.permission.BLUETOOTH"
15-->src/main/AndroidManifest.xml:10:22-65
16        android:maxSdkVersion="30" />
16-->src/main/AndroidManifest.xml:10:66-92
17    <uses-permission
17-->src/main/AndroidManifest.xml:11:5-101
18        android:name="android.permission.BLUETOOTH_ADMIN"
18-->src/main/AndroidManifest.xml:11:22-71
19        android:maxSdkVersion="30" />
19-->src/main/AndroidManifest.xml:11:72-98
20    <!--
21         Fine location: BLE caps it at 30 (neverForLocation), but Wi-Fi Direct service discovery
22         needs it through Android 12L (API 32); 13+ uses NEARBY_WIFI_DEVICES below.
23    -->
24    <uses-permission
24-->src/main/AndroidManifest.xml:14:5-106
25        android:name="android.permission.ACCESS_FINE_LOCATION"
25-->src/main/AndroidManifest.xml:14:22-76
26        android:maxSdkVersion="32" />
26-->src/main/AndroidManifest.xml:14:77-103
27
28    <uses-feature
28-->src/main/AndroidManifest.xml:16:5-90
29        android:name="android.hardware.bluetooth_le"
29-->src/main/AndroidManifest.xml:16:19-63
30        android:required="true" />
30-->src/main/AndroidManifest.xml:16:64-87
31
32    <!--
33         LAN bearer (mDNS/NSD + TCP) and Wi-Fi Direct bearer: discover and link nearby devices
34         over Wi-Fi — on a shared network (NSD) or peer-to-peer with no router (Wi-Fi Direct).
35    -->
36    <uses-permission android:name="android.permission.ACCESS_WIFI_STATE" />
36-->src/main/AndroidManifest.xml:20:5-76
36-->src/main/AndroidManifest.xml:20:22-73
37    <uses-permission android:name="android.permission.CHANGE_WIFI_STATE" />
37-->src/main/AndroidManifest.xml:21:5-76
37-->src/main/AndroidManifest.xml:21:22-73
38    <uses-permission android:name="android.permission.ACCESS_NETWORK_STATE" />
38-->src/main/AndroidManifest.xml:22:5-79
38-->src/main/AndroidManifest.xml:22:22-76
39    <uses-permission android:name="android.permission.CHANGE_WIFI_MULTICAST_STATE" />
39-->src/main/AndroidManifest.xml:23:5-86
39-->src/main/AndroidManifest.xml:23:22-83
40    <uses-permission
40-->src/main/AndroidManifest.xml:24:5-25:58
41        android:name="android.permission.NEARBY_WIFI_DEVICES"
41-->src/main/AndroidManifest.xml:24:22-75
42        android:usesPermissionFlags="neverForLocation" />
42-->src/main/AndroidManifest.xml:25:9-55
43
44    <uses-feature
44-->src/main/AndroidManifest.xml:26:5-90
45        android:name="android.hardware.wifi.direct"
45-->src/main/AndroidManifest.xml:26:19-62
46        android:required="false" />
46-->src/main/AndroidManifest.xml:26:63-87
47
48    <!-- Keep BLE alive in the background via a foreground service (DESIGN.md §22). -->
49    <uses-permission android:name="android.permission.FOREGROUND_SERVICE" />
49-->src/main/AndroidManifest.xml:29:5-77
49-->src/main/AndroidManifest.xml:29:22-74
50    <uses-permission android:name="android.permission.FOREGROUND_SERVICE_CONNECTED_DEVICE" />
50-->src/main/AndroidManifest.xml:30:5-94
50-->src/main/AndroidManifest.xml:30:22-91
51    <!-- Local notifications ("push") for delivered messages, Android 13+. -->
52    <uses-permission android:name="android.permission.POST_NOTIFICATIONS" />
52-->src/main/AndroidManifest.xml:32:5-77
52-->src/main/AndroidManifest.xml:32:22-74
53    <!-- Cloud relay bearer (TCP/WebSocket to hop-relayd over the internet). -->
54    <uses-permission android:name="android.permission.INTERNET" />
54-->src/main/AndroidManifest.xml:34:5-67
54-->src/main/AndroidManifest.xml:34:22-64
55
56    <application>
56-->src/main/AndroidManifest.xml:36:5-41:19
57        <service
57-->src/main/AndroidManifest.xml:37:9-40:63
58            android:name="net.waldrip.hop.driver.HopService"
58-->src/main/AndroidManifest.xml:38:13-39
59            android:exported="false"
59-->src/main/AndroidManifest.xml:39:13-37
60            android:foregroundServiceType="connectedDevice" />
60-->src/main/AndroidManifest.xml:40:13-60
61    </application>
62
63</manifest>